0    [AWT-EventQueue-0] INFO  ca.sqlpower.architect.ArchitectUtils  - Log4J configured successfully
707  [AWT-EventQueue-0] INFO  ca.sqlpower.sql.PlDotIni  - Beginning to read/merge new pl.ini data
786  [AWT-EventQueue-0] INFO  ca.sqlpower.sql.PlDotIni  - Finished reading file.
786  [AWT-EventQueue-0] INFO  ca.sqlpower.sql.PlDotIni  - Beginning to read/merge new pl.ini data
840  [AWT-EventQueue-0] INFO  ca.sqlpower.sql.PlDotIni  - Finished reading file.
22881 [Thread-8] ERROR ca.sqlpower.architect.swingui.action.CheckForUpdateAction  - Fail to retrieve current version number!
0    [AWT-EventQueue-0] INFO  ca.sqlpower.architect.ArchitectUtils  - Log4J configured successfully
352  [AWT-EventQueue-0] INFO  ca.sqlpower.sql.PlDotIni  - Beginning to read/merge new pl.ini data
416  [AWT-EventQueue-0] INFO  ca.sqlpower.sql.PlDotIni  - Finished reading file.
416  [AWT-EventQueue-0] INFO  ca.sqlpower.sql.PlDotIni  - Beginning to read/merge new pl.ini data
457  [AWT-EventQueue-0] INFO  ca.sqlpower.sql.PlDotIni  - Finished reading file.
21976 [Thread-8] ERROR ca.sqlpower.architect.swingui.action.CheckForUpdateAction  - Fail to retrieve current version number!
371134 [AWT-EventQueue-0] INFO  ca.sqlpower.architect.swingui.DBTree  - DBTree: exporting list of DnD-type tree paths
371332 [AWT-EventQueue-0] INFO  ca.sqlpower.architect.swingui.DBTree  - DBTree: exporting list of DnD-type tree paths
378076 [AWT-EventQueue-0] INFO  ca.sqlpower.architect.swingui.DBTree  - DBTree: exporting list of DnD-type tree paths
378267 [AWT-EventQueue-0] INFO  ca.sqlpower.architect.swingui.DBTree  - DBTree: exporting list of DnD-type tree paths
383422 [Objects-Adder] INFO  ca.sqlpower.architect.swingui.PlayPen  - AddObjectsTask starting on thread Objects-Adder
383427 [Objects-Adder] INFO  ca.sqlpower.architect.swingui.PlayPen  - AddObjectsTask done
386673 [AWT-EventQueue-0] INFO  ca.sqlpower.architect.swingui.PlayPen  - adding table PARTICIPANTE_EVENTO (TABLE)
386673 [AWT-EventQueue-0] INFO  ca.sqlpower.architect.swingui.PlayPen  - Looking for fk table PARTICIPANTE_EVENTO in playpen
386674 [AWT-EventQueue-0] INFO  ca.sqlpower.architect.swingui.PlayPen  - NOT FOUND
386674 [AWT-EventQueue-0] INFO  ca.sqlpower.architect.swingui.PlayPen  - Looking for fk table PARTICIPANTE_EVENTO in playpen
386674 [AWT-EventQueue-0] INFO  ca.sqlpower.architect.swingui.PlayPen  - NOT FOUND
386675 [AWT-EventQueue-0] INFO  ca.sqlpower.architect.swingui.PlayPen  - adding table PARTICIPANTES (TABLE)
386676 [AWT-EventQueue-0] INFO  ca.sqlpower.architect.swingui.PlayPen  - Looking for fk table PARTICIPANTE_EVENTO in playpen
386676 [AWT-EventQueue-0] INFO  ca.sqlpower.architect.swingui.PlayPen  - FOUND IT!
386679 [AWT-EventQueue-0] INFO  ca.sqlpower.architect.swingui.PlayPen  - adding table EVENTOS (TABLE)
386679 [AWT-EventQueue-0] INFO  ca.sqlpower.architect.swingui.PlayPen  - Looking for fk table PARTICIPANTE_EVENTO in playpen
386679 [AWT-EventQueue-0] INFO  ca.sqlpower.architect.swingui.PlayPen  - FOUND IT!
386682 [AWT-EventQueue-0] ERROR ca.sqlpower.architect.swingui.PlayPen  - Unknown object dropped in PlayPen: PlayPen Database
0    [AWT-EventQueue-0] INFO  ca.sqlpower.architect.ArchitectUtils  - Log4J configured successfully
521  [AWT-EventQueue-0] INFO  ca.sqlpower.sql.PlDotIni  - Beginning to read/merge new pl.ini data
585  [AWT-EventQueue-0] INFO  ca.sqlpower.sql.PlDotIni  - Finished reading file.
586  [AWT-EventQueue-0] INFO  ca.sqlpower.sql.PlDotIni  - Beginning to read/merge new pl.ini data
635  [AWT-EventQueue-0] INFO  ca.sqlpower.sql.PlDotIni  - Finished reading file.
9911 [AWT-EventQueue-0] WARN  ca.sqlpower.sqlobject.ForeignKeyColumnUpdaterPoolingSPListener  - Warning: unknown SQLTypePhysicalProperties property name changed while monitoring pkTable
22360 [Thread-8] ERROR ca.sqlpower.architect.swingui.action.CheckForUpdateAction  - Fail to retrieve current version number!
0    [AWT-EventQueue-0] INFO  ca.sqlpower.architect.ArchitectUtils  - Log4J configured successfully
1070 [AWT-EventQueue-0] INFO  ca.sqlpower.sql.PlDotIni  - Beginning to read/merge new pl.ini data
1143 [AWT-EventQueue-0] INFO  ca.sqlpower.sql.PlDotIni  - Finished reading file.
1144 [AWT-EventQueue-0] INFO  ca.sqlpower.sql.PlDotIni  - Beginning to read/merge new pl.ini data
1191 [AWT-EventQueue-0] INFO  ca.sqlpower.sql.PlDotIni  - Finished reading file.
23183 [Thread-8] ERROR ca.sqlpower.architect.swingui.action.CheckForUpdateAction  - Fail to retrieve current version number!
